 INFO  Accepting connections at http://localhost:3005
 HTTP  12/16/2025 1:49:10 PM ::1 GET /
 HTTP  12/16/2025 1:49:10 PM ::1 Returned 404 in 18 ms

 INFO  Gracefully shutting down. Please wait...
 INFO  Accepting connections at http://localhost:3005
 HTTP  12/17/2025 1:18:02 AM ::1 GET /
 HTTP  12/17/2025 1:18:02 AM ::1 Returned 200 in 80 ms
 HTTP  12/17/2025 1:18:02 AM ::1 GET /_next/static/media/68d403cf9f2c68c5-s.p.f9f15f61.woff2
 HTTP  12/17/2025 1:18:02 AM ::1 GET /_next/static/media/83afe278b6a6bb3c-s.p.3a6ba036.woff2
 HTTP  12/17/2025 1:18:02 AM ::1 GET /_next/static/media/85ba544592656337-s.p.5eb025a9.woff2
 HTTP  12/17/2025 1:18:02 AM ::1 GET /_next/static/media/fe36e9937cd078a1-s.p.3de7a689.woff2
 HTTP  12/17/2025 1:18:02 AM ::1 GET /_next/static/chunks/ccb90ccaf20ce28a.css
 HTTP  12/17/2025 1:18:02 AM ::1 Returned 200 in 131 ms
 HTTP  12/17/2025 1:18:02 AM ::1 Returned 200 in 131 ms
 HTTP  12/17/2025 1:18:02 AM ::1 GET /_next/static/chunks/fb8cebcab6b189f4.js
 HTTP  12/17/2025 1:18:02 AM ::1 Returned 200 in 55 ms
 HTTP  12/17/2025 1:18:02 AM ::1 Returned 200 in 63 ms
 HTTP  12/17/2025 1:18:02 AM ::1 GET /_next/static/chunks/c4b6a775283c42e7.js
 HTTP  12/17/2025 1:18:02 AM ::1 GET /_next/static/chunks/8296bf97416a5ebf.js
 HTTP  12/17/2025 1:18:02 AM ::1 Returned 200 in 88 ms
 HTTP  12/17/2025 1:18:02 AM ::1 Returned 200 in 134 ms
 HTTP  12/17/2025 1:18:02 AM ::1 GET /_next/static/chunks/834800a6b130715c.js
 HTTP  12/17/2025 1:18:02 AM ::1 GET /_next/static/chunks/5997132b61dec430.js
 HTTP  12/17/2025 1:18:02 AM ::1 Returned 200 in 101 ms
 HTTP  12/17/2025 1:18:02 AM ::1 GET /_next/static/chunks/turbopack-0c605d9d4ac797b0.js
 HTTP  12/17/2025 1:18:02 AM ::1 Returned 200 in 264 ms
 HTTP  12/17/2025 1:18:03 AM ::1 GET /_next/static/chunks/ff1a16fafef87110.js
 HTTP  12/17/2025 1:18:02 AM ::1 Returned 200 in 195 ms
 HTTP  12/17/2025 1:18:03 AM ::1 GET /_next/static/chunks/247eb132b7f7b574.js
 HTTP  12/17/2025 1:18:02 AM ::1 Returned 200 in 167 ms
 HTTP  12/17/2025 1:18:02 AM ::1 Returned 200 in 228 ms
 HTTP  12/17/2025 1:18:03 AM ::1 Returned 200 in 48 ms
 HTTP  12/17/2025 1:18:03 AM ::1 GET /_next/static/chunks/b9f788b593aa13c3.js
 HTTP  12/17/2025 1:18:03 AM ::1 GET /_next/static/chunks/e36aa45bf71952d5.js
 HTTP  12/17/2025 1:18:03 AM ::1 Returned 200 in 61 ms
 HTTP  12/17/2025 1:18:03 AM ::1 Returned 200 in 33 ms
 HTTP  12/17/2025 1:18:03 AM ::1 Returned 200 in 7 ms
 HTTP  12/17/2025 1:18:05 AM ::1 GET /favicon.ico?favicon.0b3bf435.ico
 HTTP  12/17/2025 1:18:05 AM ::1 Returned 200 in 65 ms
 HTTP  12/17/2025 1:18:06 AM ::1 GET /favicon.ico?favicon.0b3bf435.ico
 HTTP  12/17/2025 1:18:06 AM ::1 Returned 200 in 2 ms
 HTTP  12/17/2025 1:19:24 AM ::1 GET /exhibitions
 HTTP  12/17/2025 1:19:24 AM ::1 Returned 200 in 7 ms
 HTTP  12/17/2025 1:19:24 AM ::1 GET /_next/static/media/68d403cf9f2c68c5-s.p.f9f15f61.woff2
 HTTP  12/17/2025 1:19:24 AM ::1 GET /_next/static/chunks/ccb90ccaf20ce28a.css
 HTTP  12/17/2025 1:19:24 AM ::1 Returned 304 in 3 ms
 HTTP  12/17/2025 1:19:24 AM ::1 Returned 304 in 2 ms
 HTTP  12/17/2025 1:19:24 AM ::1 GET /_next/static/media/83afe278b6a6bb3c-s.p.3a6ba036.woff2
 HTTP  12/17/2025 1:19:24 AM ::1 GET /_next/static/media/85ba544592656337-s.p.5eb025a9.woff2
 HTTP  12/17/2025 1:19:24 AM ::1 GET /_next/static/media/fe36e9937cd078a1-s.p.3de7a689.woff2
 HTTP  12/17/2025 1:19:24 AM ::1 GET /_next/static/chunks/fb8cebcab6b189f4.js
 HTTP  12/17/2025 1:19:24 AM ::1 Returned 304 in 5 ms
 HTTP  12/17/2025 1:19:24 AM ::1 Returned 304 in 3 ms
 HTTP  12/17/2025 1:19:24 AM ::1 Returned 304 in 2 ms
 HTTP  12/17/2025 1:19:24 AM ::1 Returned 304 in 2 ms
 HTTP  12/17/2025 1:19:24 AM ::1 GET /_next/static/chunks/c4b6a775283c42e7.js
 HTTP  12/17/2025 1:19:24 AM ::1 Returned 304 in 6 ms
 HTTP  12/17/2025 1:19:24 AM ::1 GET /_next/static/chunks/8296bf97416a5ebf.js
 HTTP  12/17/2025 1:19:24 AM ::1 Returned 304 in 1 ms
 HTTP  12/17/2025 1:19:24 AM ::1 GET /_next/static/chunks/834800a6b130715c.js
 HTTP  12/17/2025 1:19:24 AM ::1 GET /_next/static/chunks/5997132b61dec430.js
 HTTP  12/17/2025 1:19:24 AM ::1 GET /_next/static/chunks/turbopack-0c605d9d4ac797b0.js
 HTTP  12/17/2025 1:19:24 AM ::1 GET /_next/static/chunks/ff1a16fafef87110.js
 HTTP  12/17/2025 1:19:24 AM ::1 Returned 304 in 5 ms
 HTTP  12/17/2025 1:19:24 AM ::1 Returned 304 in 4 ms
 HTTP  12/17/2025 1:19:24 AM ::1 Returned 304 in 4 ms
 HTTP  12/17/2025 1:19:24 AM ::1 Returned 304 in 2 ms
 HTTP  12/17/2025 1:19:24 AM ::1 GET /_next/static/chunks/5169b6090f58aa4f.js
 HTTP  12/17/2025 1:19:24 AM ::1 GET /_next/static/chunks/247eb132b7f7b574.js
 HTTP  12/17/2025 1:19:24 AM ::1 Returned 304 in 1 ms
 HTTP  12/17/2025 1:19:24 AM ::1 Returned 200 in 5 ms
 HTTP  12/17/2025 1:19:25 AM ::1 GET /_next/static/chunks/42e5d972882ca69e.js
 HTTP  12/17/2025 1:19:25 AM ::1 GET /_next/static/chunks/5f47f03630dc1d58.js
 HTTP  12/17/2025 1:19:25 AM ::1 GET /_next/static/chunks/7fb7c50d0d037d13.css
 HTTP  12/17/2025 1:19:25 AM ::1 Returned 200 in 11 ms
 HTTP  12/17/2025 1:19:25 AM ::1 Returned 200 in 10 ms
 HTTP  12/17/2025 1:19:25 AM ::1 Returned 200 in 17 ms
 HTTP  12/17/2025 1:19:43 AM ::1 GET /about
 HTTP  12/17/2025 1:19:43 AM ::1 Returned 200 in 10 ms
 HTTP  12/17/2025 1:19:43 AM ::1 GET /_next/static/media/68d403cf9f2c68c5-s.p.f9f15f61.woff2
 HTTP  12/17/2025 1:19:43 AM ::1 GET /_next/static/media/83afe278b6a6bb3c-s.p.3a6ba036.woff2
 HTTP  12/17/2025 1:19:43 AM ::1 Returned 304 in 12 ms
 HTTP  12/17/2025 1:19:43 AM ::1 Returned 304 in 12 ms
 HTTP  12/17/2025 1:19:43 AM ::1 GET /_next/static/media/85ba544592656337-s.p.5eb025a9.woff2
 HTTP  12/17/2025 1:19:43 AM ::1 GET /_next/static/chunks/c4b6a775283c42e7.js
 HTTP  12/17/2025 1:19:43 AM ::1 Returned 304 in 4 ms
 HTTP  12/17/2025 1:19:43 AM ::1 GET /_next/static/chunks/8296bf97416a5ebf.js
 HTTP  12/17/2025 1:19:43 AM ::1 GET /_next/static/chunks/ccb90ccaf20ce28a.css
 HTTP  12/17/2025 1:19:43 AM ::1 GET /_next/static/chunks/834800a6b130715c.js
 HTTP  12/17/2025 1:19:43 AM ::1 Returned 304 in 12 ms
 HTTP  12/17/2025 1:19:43 AM ::1 Returned 304 in 6 ms
 HTTP  12/17/2025 1:19:43 AM ::1 Returned 304 in 7 ms
 HTTP  12/17/2025 1:19:43 AM ::1 GET /_next/static/media/fe36e9937cd078a1-s.p.3de7a689.woff2
 HTTP  12/17/2025 1:19:43 AM ::1 Returned 304 in 14 ms
 HTTP  12/17/2025 1:19:43 AM ::1 Returned 304 in 12 ms
 HTTP  12/17/2025 1:19:43 AM ::1 GET /_next/static/chunks/5997132b61dec430.js
 HTTP  12/17/2025 1:19:43 AM ::1 GET /_next/static/chunks/turbopack-0c605d9d4ac797b0.js
 HTTP  12/17/2025 1:19:43 AM ::1 GET /_next/static/chunks/ff1a16fafef87110.js
 HTTP  12/17/2025 1:19:43 AM ::1 GET /_next/static/chunks/fb8cebcab6b189f4.js
 HTTP  12/17/2025 1:19:43 AM ::1 GET /_next/static/chunks/e185f4e77db48da4.js
 HTTP  12/17/2025 1:19:43 AM ::1 GET /_next/static/chunks/247eb132b7f7b574.js
 HTTP  12/17/2025 1:19:43 AM ::1 Returned 304 in 15 ms
 HTTP  12/17/2025 1:19:43 AM ::1 Returned 304 in 18 ms
 HTTP  12/17/2025 1:19:43 AM ::1 Returned 304 in 150 ms
 HTTP  12/17/2025 1:19:43 AM ::1 Returned 304 in 216 ms
 HTTP  12/17/2025 1:19:43 AM ::1 Returned 304 in 218 ms
 HTTP  12/17/2025 1:19:43 AM ::1 Returned 200 in 225 ms
 HTTP  12/17/2025 1:19:49 AM ::1 GET /
 HTTP  12/17/2025 1:19:49 AM ::1 Returned 304 in 13 ms
 HTTP  12/17/2025 1:19:49 AM ::1 GET /_next/static/media/68d403cf9f2c68c5-s.p.f9f15f61.woff2
 HTTP  12/17/2025 1:19:49 AM ::1 GET /_next/static/media/83afe278b6a6bb3c-s.p.3a6ba036.woff2
 HTTP  12/17/2025 1:19:49 AM ::1 GET /_next/static/media/85ba544592656337-s.p.5eb025a9.woff2
 HTTP  12/17/2025 1:19:49 AM ::1 GET /_next/static/media/fe36e9937cd078a1-s.p.3de7a689.woff2
 HTTP  12/17/2025 1:19:49 AM ::1 GET /_next/static/chunks/ccb90ccaf20ce28a.css
 HTTP  12/17/2025 1:19:49 AM ::1 GET /_next/static/chunks/fb8cebcab6b189f4.js
 HTTP  12/17/2025 1:19:49 AM ::1 Returned 304 in 4 ms
 HTTP  12/17/2025 1:19:49 AM ::1 Returned 304 in 5 ms
 HTTP  12/17/2025 1:19:49 AM ::1 Returned 304 in 20 ms
 HTTP  12/17/2025 1:19:49 AM ::1 Returned 304 in 19 ms
 HTTP  12/17/2025 1:19:49 AM ::1 Returned 304 in 20 ms
 HTTP  12/17/2025 1:19:49 AM ::1 Returned 304 in 91 ms
 HTTP  12/17/2025 1:19:49 AM ::1 GET /_next/static/chunks/c4b6a775283c42e7.js
 HTTP  12/17/2025 1:19:49 AM ::1 GET /_next/static/chunks/8296bf97416a5ebf.js
 HTTP  12/17/2025 1:19:49 AM ::1 GET /_next/static/chunks/834800a6b130715c.js
 HTTP  12/17/2025 1:19:49 AM ::1 GET /_next/static/chunks/5997132b61dec430.js
 HTTP  12/17/2025 1:19:49 AM ::1 GET /_next/static/chunks/turbopack-0c605d9d4ac797b0.js
 HTTP  12/17/2025 1:19:49 AM ::1 Returned 304 in 3 ms
 HTTP  12/17/2025 1:19:49 AM ::1 Returned 304 in 17 ms
 HTTP  12/17/2025 1:19:49 AM ::1 Returned 304 in 18 ms
 HTTP  12/17/2025 1:19:49 AM ::1 Returned 304 in 25 ms
 HTTP  12/17/2025 1:19:49 AM ::1 GET /_next/static/chunks/ff1a16fafef87110.js
 HTTP  12/17/2025 1:19:49 AM ::1 GET /_next/static/chunks/247eb132b7f7b574.js
 HTTP  12/17/2025 1:19:49 AM ::1 GET /_next/static/chunks/b9f788b593aa13c3.js
 HTTP  12/17/2025 1:19:49 AM ::1 GET /_next/static/chunks/e36aa45bf71952d5.js
 HTTP  12/17/2025 1:19:49 AM ::1 Returned 304 in 32 ms
 HTTP  12/17/2025 1:19:49 AM ::1 Returned 304 in 8 ms
 HTTP  12/17/2025 1:19:49 AM ::1 Returned 304 in 9 ms
 HTTP  12/17/2025 1:19:49 AM ::1 Returned 304 in 13 ms
 HTTP  12/17/2025 1:19:49 AM ::1 Returned 304 in 15 ms
 INFO  Accepting connections at http://localhost:3005
 HTTP  12/17/2025 1:49:01 AM ::1 GET /og-image.png
 HTTP  12/17/2025 1:49:01 AM ::1 Returned 200 in 85 ms
 HTTP  12/17/2025 1:49:01 AM ::1 GET /favicon.ico
 HTTP  12/17/2025 1:49:01 AM ::1 Returned 200 in 9 ms
 HTTP  12/17/2025 1:49:55 AM ::1 GET /og-image.png
 HTTP  12/17/2025 1:49:55 AM ::1 Returned 304 in 16 ms
 HTTP  12/17/2025 2:59:22 AM ::1 GET /
 HTTP  12/17/2025 2:59:22 AM ::1 Returned 200 in 39 ms
 HTTP  12/17/2025 2:59:22 AM ::1 GET /_next/static/chunks/ccb90ccaf20ce28a.css
 HTTP  12/17/2025 2:59:22 AM ::1 GET /_next/static/chunks/fb8cebcab6b189f4.js
 HTTP  12/17/2025 2:59:22 AM ::1 GET /_next/static/media/83afe278b6a6bb3c-s.p.3a6ba036.woff2
 HTTP  12/17/2025 2:59:22 AM ::1 GET /_next/static/media/68d403cf9f2c68c5-s.p.f9f15f61.woff2
 HTTP  12/17/2025 2:59:22 AM ::1 Returned 304 in 176 ms
 HTTP  12/17/2025 2:59:22 AM ::1 GET /_next/static/media/85ba544592656337-s.p.5eb025a9.woff2
 HTTP  12/17/2025 2:59:22 AM ::1 Returned 304 in 170 ms
 HTTP  12/17/2025 2:59:22 AM ::1 GET /_next/static/chunks/c4b6a775283c42e7.js
 HTTP  12/17/2025 2:59:22 AM ::1 GET /_next/static/media/fe36e9937cd078a1-s.p.3de7a689.woff2
 HTTP  12/17/2025 2:59:22 AM ::1 Returned 304 in 183 ms
 HTTP  12/17/2025 2:59:22 AM ::1 Returned 304 in 187 ms
 HTTP  12/17/2025 2:59:22 AM ::1 GET /_next/static/chunks/8296bf97416a5ebf.js
 HTTP  12/17/2025 2:59:22 AM ::1 GET /_next/static/chunks/834800a6b130715c.js
 HTTP  12/17/2025 2:59:22 AM ::1 GET /_next/static/chunks/5997132b61dec430.js
 HTTP  12/17/2025 2:59:22 AM ::1 Returned 304 in 32 ms
 HTTP  12/17/2025 2:59:22 AM ::1 Returned 304 in 32 ms
 HTTP  12/17/2025 2:59:22 AM ::1 Returned 304 in 32 ms
 HTTP  12/17/2025 2:59:22 AM ::1 GET /_next/static/chunks/turbopack-0c605d9d4ac797b0.js
 HTTP  12/17/2025 2:59:22 AM ::1 GET /_next/static/chunks/ff1a16fafef87110.js
 HTTP  12/17/2025 2:59:22 AM ::1 GET /_next/static/chunks/247eb132b7f7b574.js
 HTTP  12/17/2025 2:59:22 AM ::1 Returned 304 in 19 ms
 HTTP  12/17/2025 2:59:22 AM ::1 Returned 304 in 24 ms
 HTTP  12/17/2025 2:59:22 AM ::1 Returned 304 in 39 ms
 HTTP  12/17/2025 2:59:22 AM ::1 GET /_next/static/chunks/b9f788b593aa13c3.js
 HTTP  12/17/2025 2:59:22 AM ::1 GET /_next/static/chunks/e36aa45bf71952d5.js
 HTTP  12/17/2025 2:59:22 AM ::1 Returned 304 in 27 ms
 HTTP  12/17/2025 2:59:22 AM ::1 Returned 304 in 42 ms
 HTTP  12/17/2025 2:59:22 AM ::1 Returned 304 in 41 ms
 HTTP  12/17/2025 2:59:22 AM ::1 Returned 304 in 25 ms
 HTTP  12/17/2025 2:59:22 AM ::1 Returned 304 in 27 ms
 INFO  Accepting connections at http://localhost:3005
 HTTP  12/17/2025 11:54:08 AM ::1 GET /_next/static/chunks/ccb90ccaf20ce28a.css
 HTTP  12/17/2025 11:54:09 AM ::1 GET /.well-known/appspecific/com.chrome.devtools.json
 HTTP  12/17/2025 11:54:08 AM ::1 Returned 404 in 718 ms
 HTTP  12/17/2025 11:54:09 AM ::1 Returned 404 in 157 ms
 HTTP  12/17/2025 11:56:56 AM ::1 GET /_next/static/chunks/ccb90ccaf20ce28a.css
 HTTP  12/17/2025 11:56:56 AM ::1 Returned 404 in 8 ms
 HTTP  12/17/2025 11:56:56 AM ::1 GET /.well-known/appspecific/com.chrome.devtools.json
 HTTP  12/17/2025 11:56:56 AM ::1 Returned 404 in 2 ms
 HTTP  12/17/2025 12:04:36 PM ::1 GET /.well-known/appspecific/com.chrome.devtools.json
 HTTP  12/17/2025 12:04:36 PM ::1 Returned 404 in 24 ms
 INFO  Accepting connections at http://localhost:3005
 HTTP  12/17/2025 12:29:32 PM ::1 GET /.well-known/appspecific/com.chrome.devtools.json
 HTTP  12/17/2025 12:29:32 PM ::1 Returned 404 in 93 ms
 HTTP  12/17/2025 12:58:46 PM ::1 GET /.well-known/appspecific/com.chrome.devtools.json
 HTTP  12/17/2025 12:58:46 PM ::1 Returned 404 in 8 ms
 INFO  Accepting connections at http://localhost:3005
 HTTP  12/17/2025 1:13:43 PM ::1 GET /
 HTTP  12/17/2025 1:13:43 PM ::1 Returned 200 in 98 ms
 HTTP  12/17/2025 1:13:43 PM ::1 GET /_next/static/media/68d403cf9f2c68c5-s.p.f9f15f61.woff2
 HTTP  12/17/2025 1:13:43 PM ::1 GET /_next/static/media/fe36e9937cd078a1-s.p.3de7a689.woff2
 HTTP  12/17/2025 1:13:43 PM ::1 GET /_next/static/chunks/433bf767012c1509.css
 HTTP  12/17/2025 1:13:43 PM ::1 GET /_next/static/media/83afe278b6a6bb3c-s.p.3a6ba036.woff2
 HTTP  12/17/2025 1:13:43 PM ::1 GET /_next/static/media/85ba544592656337-s.p.5eb025a9.woff2
 HTTP  12/17/2025 1:13:43 PM ::1 GET /_next/static/chunks/fb8cebcab6b189f4.js
 HTTP  12/17/2025 1:13:43 PM ::1 Returned 200 in 65 ms
 HTTP  12/17/2025 1:13:43 PM ::1 Returned 304 in 189 ms
 HTTP  12/17/2025 1:13:43 PM ::1 Returned 304 in 183 ms
 HTTP  12/17/2025 1:13:43 PM ::1 Returned 304 in 194 ms
 HTTP  12/17/2025 1:13:43 PM ::1 Returned 304 in 152 ms
 HTTP  12/17/2025 1:13:43 PM ::1 Returned 304 in 166 ms
 HTTP  12/17/2025 1:13:44 PM ::1 GET /_next/static/chunks/c4b6a775283c42e7.js
 HTTP  12/17/2025 1:13:44 PM ::1 GET /_next/static/chunks/8296bf97416a5ebf.js
 HTTP  12/17/2025 1:13:44 PM ::1 GET /_next/static/chunks/834800a6b130715c.js
 HTTP  12/17/2025 1:13:44 PM ::1 GET /_next/static/chunks/5997132b61dec430.js
 HTTP  12/17/2025 1:13:44 PM ::1 GET /_next/static/chunks/turbopack-0c605d9d4ac797b0.js
 HTTP  12/17/2025 1:13:44 PM ::1 GET /_next/static/chunks/ff1a16fafef87110.js
 HTTP  12/17/2025 1:13:44 PM ::1 Returned 304 in 180 ms
 HTTP  12/17/2025 1:13:44 PM ::1 Returned 304 in 174 ms
 HTTP  12/17/2025 1:13:44 PM ::1 GET /_next/static/chunks/b3e7a754a3a9c576.js
 HTTP  12/17/2025 1:13:44 PM ::1 Returned 304 in 196 ms
 HTTP  12/17/2025 1:13:44 PM ::1 Returned 304 in 232 ms
 HTTP  12/17/2025 1:13:44 PM ::1 GET /_next/static/chunks/247eb132b7f7b574.js
 HTTP  12/17/2025 1:13:44 PM ::1 GET /_next/static/chunks/c47cca58a8cd531f.js
 HTTP  12/17/2025 1:13:44 PM ::1 Returned 304 in 71 ms
 HTTP  12/17/2025 1:13:44 PM ::1 Returned 304 in 247 ms
 HTTP  12/17/2025 1:13:44 PM ::1 Returned 200 in 72 ms
 HTTP  12/17/2025 1:13:44 PM ::1 Returned 304 in 23 ms
 HTTP  12/17/2025 1:13:44 PM ::1 Returned 200 in 28 ms
 HTTP  12/17/2025 1:14:16 PM ::1 GET /exhibitions
 HTTP  12/17/2025 1:14:16 PM ::1 Returned 200 in 7 ms
 HTTP  12/17/2025 1:14:16 PM ::1 GET /_next/static/media/68d403cf9f2c68c5-s.p.f9f15f61.woff2
 HTTP  12/17/2025 1:14:16 PM ::1 GET /_next/static/media/83afe278b6a6bb3c-s.p.3a6ba036.woff2
 HTTP  12/17/2025 1:14:16 PM ::1 GET /_next/static/media/85ba544592656337-s.p.5eb025a9.woff2
 HTTP  12/17/2025 1:14:16 PM ::1 Returned 304 in 6 ms
 HTTP  12/17/2025 1:14:16 PM ::1 Returned 304 in 13 ms
 HTTP  12/17/2025 1:14:16 PM ::1 GET /_next/static/media/fe36e9937cd078a1-s.p.3de7a689.woff2
 HTTP  12/17/2025 1:14:16 PM ::1 Returned 304 in 8 ms
 HTTP  12/17/2025 1:14:16 PM ::1 GET /_next/static/chunks/c4b6a775283c42e7.js
 HTTP  12/17/2025 1:14:16 PM ::1 GET /_next/static/chunks/8296bf97416a5ebf.js
 HTTP  12/17/2025 1:14:16 PM ::1 GET /_next/static/chunks/fb8cebcab6b189f4.js
 HTTP  12/17/2025 1:14:16 PM ::1 GET /_next/static/chunks/834800a6b130715c.js
 HTTP  12/17/2025 1:14:16 PM ::1 Returned 304 in 14 ms
 HTTP  12/17/2025 1:14:16 PM ::1 GET /_next/static/chunks/433bf767012c1509.css
 HTTP  12/17/2025 1:14:16 PM ::1 Returned 304 in 16 ms
 HTTP  12/17/2025 1:14:16 PM ::1 Returned 304 in 30 ms
 HTTP  12/17/2025 1:14:16 PM ::1 Returned 304 in 34 ms
 HTTP  12/17/2025 1:14:16 PM ::1 Returned 304 in 35 ms
 HTTP  12/17/2025 1:14:16 PM ::1 GET /_next/static/chunks/5997132b61dec430.js
 HTTP  12/17/2025 1:14:16 PM ::1 Returned 304 in 39 ms
 HTTP  12/17/2025 1:14:16 PM ::1 GET /_next/static/chunks/turbopack-0c605d9d4ac797b0.js
 HTTP  12/17/2025 1:14:16 PM ::1 GET /_next/static/chunks/ff1a16fafef87110.js
 HTTP  12/17/2025 1:14:16 PM ::1 GET /_next/static/chunks/247eb132b7f7b574.js
 HTTP  12/17/2025 1:14:16 PM ::1 GET /_next/static/chunks/ffdacc35bb1bce43.js
 HTTP  12/17/2025 1:14:16 PM ::1 Returned 304 in 24 ms
 HTTP  12/17/2025 1:14:16 PM ::1 Returned 304 in 13 ms
 HTTP  12/17/2025 1:14:16 PM ::1 Returned 304 in 65 ms
 HTTP  12/17/2025 1:14:16 PM ::1 Returned 304 in 67 ms
 HTTP  12/17/2025 1:14:16 PM ::1 Returned 200 in 123 ms
 HTTP  12/17/2025 1:14:16 PM ::1 GET /_next/static/chunks/42e5d972882ca69e.js
 HTTP  12/17/2025 1:14:16 PM ::1 GET /_next/static/chunks/5f47f03630dc1d58.js
 HTTP  12/17/2025 1:14:16 PM ::1 GET /_next/static/chunks/7fb7c50d0d037d13.css
 HTTP  12/17/2025 1:14:16 PM ::1 Returned 304 in 16 ms
 HTTP  12/17/2025 1:14:16 PM ::1 Returned 304 in 14 ms
 HTTP  12/17/2025 1:14:16 PM ::1 Returned 304 in 18 ms
 HTTP  12/17/2025 1:14:28 PM ::1 GET /about
 HTTP  12/17/2025 1:14:28 PM ::1 Returned 200 in 10 ms
 HTTP  12/17/2025 1:14:28 PM ::1 GET /_next/static/media/68d403cf9f2c68c5-s.p.f9f15f61.woff2
 HTTP  12/17/2025 1:14:28 PM ::1 GET /_next/static/media/83afe278b6a6bb3c-s.p.3a6ba036.woff2
 HTTP  12/17/2025 1:14:28 PM ::1 Returned 304 in 1 ms
 HTTP  12/17/2025 1:14:28 PM ::1 GET /_next/static/media/85ba544592656337-s.p.5eb025a9.woff2
 HTTP  12/17/2025 1:14:28 PM ::1 Returned 304 in 14 ms
 HTTP  12/17/2025 1:14:28 PM ::1 GET /_next/static/chunks/c4b6a775283c42e7.js
 HTTP  12/17/2025 1:14:28 PM ::1 GET /_next/static/chunks/433bf767012c1509.css
 HTTP  12/17/2025 1:14:28 PM ::1 GET /_next/static/chunks/8296bf97416a5ebf.js
 HTTP  12/17/2025 1:14:28 PM ::1 Returned 304 in 16 ms
 HTTP  12/17/2025 1:14:28 PM ::1 GET /_next/static/media/fe36e9937cd078a1-s.p.3de7a689.woff2
 HTTP  12/17/2025 1:14:28 PM ::1 GET /_next/static/chunks/fb8cebcab6b189f4.js
 HTTP  12/17/2025 1:14:28 PM ::1 GET /_next/static/chunks/834800a6b130715c.js
 HTTP  12/17/2025 1:14:28 PM ::1 Returned 304 in 16 ms
 HTTP  12/17/2025 1:14:28 PM ::1 Returned 304 in 17 ms
 HTTP  12/17/2025 1:14:28 PM ::1 Returned 304 in 32 ms
 HTTP  12/17/2025 1:14:28 PM ::1 Returned 304 in 34 ms
 HTTP  12/17/2025 1:14:28 PM ::1 Returned 304 in 66 ms
 HTTP  12/17/2025 1:14:28 PM ::1 Returned 304 in 54 ms
 HTTP  12/17/2025 1:14:28 PM ::1 GET /_next/static/chunks/5997132b61dec430.js
 HTTP  12/17/2025 1:14:28 PM ::1 GET /_next/static/chunks/turbopack-0c605d9d4ac797b0.js
 HTTP  12/17/2025 1:14:28 PM ::1 GET /_next/static/chunks/ff1a16fafef87110.js
 HTTP  12/17/2025 1:14:28 PM ::1 GET /_next/static/chunks/422d1a0221429236.js
 HTTP  12/17/2025 1:14:28 PM ::1 GET /_next/static/chunks/247eb132b7f7b574.js
 HTTP  12/17/2025 1:14:28 PM ::1 Returned 304 in 6 ms
 HTTP  12/17/2025 1:14:28 PM ::1 Returned 304 in 3 ms
 HTTP  12/17/2025 1:14:28 PM ::1 Returned 304 in 7 ms
 HTTP  12/17/2025 1:14:28 PM ::1 Returned 304 in 51 ms
 HTTP  12/17/2025 1:14:28 PM ::1 Returned 200 in 55 ms
 HTTP  12/17/2025 1:14:41 PM ::1 GET /
 HTTP  12/17/2025 1:14:41 PM ::1 Returned 304 in 1 ms
 HTTP  12/17/2025 1:14:41 PM ::1 GET /_next/static/chunks/433bf767012c1509.css
 HTTP  12/17/2025 1:14:41 PM ::1 GET /_next/static/media/83afe278b6a6bb3c-s.p.3a6ba036.woff2
 HTTP  12/17/2025 1:14:41 PM ::1 GET /_next/static/media/85ba544592656337-s.p.5eb025a9.woff2
 HTTP  12/17/2025 1:14:41 PM ::1 GET /_next/static/media/fe36e9937cd078a1-s.p.3de7a689.woff2
 HTTP  12/17/2025 1:14:41 PM ::1 GET /_next/static/media/68d403cf9f2c68c5-s.p.f9f15f61.woff2
 HTTP  12/17/2025 1:14:41 PM ::1 GET /_next/static/chunks/fb8cebcab6b189f4.js
 HTTP  12/17/2025 1:14:41 PM ::1 Returned 304 in 2 ms
 HTTP  12/17/2025 1:14:41 PM ::1 Returned 304 in 3 ms
 HTTP  12/17/2025 1:14:41 PM ::1 Returned 304 in 18 ms
 HTTP  12/17/2025 1:14:41 PM ::1 Returned 304 in 18 ms
 HTTP  12/17/2025 1:14:41 PM ::1 Returned 304 in 18 ms
 HTTP  12/17/2025 1:14:41 PM ::1 Returned 304 in 39 ms
 HTTP  12/17/2025 1:14:41 PM ::1 GET /_next/static/chunks/c4b6a775283c42e7.js
 HTTP  12/17/2025 1:14:41 PM ::1 GET /_next/static/chunks/8296bf97416a5ebf.js
 HTTP  12/17/2025 1:14:41 PM ::1 GET /_next/static/chunks/5997132b61dec430.js
 HTTP  12/17/2025 1:14:41 PM ::1 GET /_next/static/chunks/834800a6b130715c.js
 HTTP  12/17/2025 1:14:41 PM ::1 GET /_next/static/chunks/turbopack-0c605d9d4ac797b0.js
 HTTP  12/17/2025 1:14:41 PM ::1 GET /_next/static/chunks/ff1a16fafef87110.js
 HTTP  12/17/2025 1:14:41 PM ::1 Returned 304 in 11 ms
 HTTP  12/17/2025 1:14:41 PM ::1 Returned 304 in 11 ms
 HTTP  12/17/2025 1:14:41 PM ::1 Returned 304 in 11 ms
 HTTP  12/17/2025 1:14:41 PM ::1 Returned 304 in 12 ms
 HTTP  12/17/2025 1:14:41 PM ::1 Returned 304 in 13 ms
 HTTP  12/17/2025 1:14:41 PM ::1 Returned 304 in 15 ms
 HTTP  12/17/2025 1:14:41 PM ::1 GET /_next/static/chunks/247eb132b7f7b574.js
 HTTP  12/17/2025 1:14:41 PM ::1 GET /_next/static/chunks/b3e7a754a3a9c576.js
 HTTP  12/17/2025 1:14:41 PM ::1 GET /_next/static/chunks/c47cca58a8cd531f.js
 HTTP  12/17/2025 1:14:41 PM ::1 Returned 304 in 10 ms
 HTTP  12/17/2025 1:14:41 PM ::1 Returned 304 in 5 ms
 HTTP  12/17/2025 1:14:41 PM ::1 Returned 304 in 5 ms
 HTTP  12/17/2025 1:15:09 PM ::1 GET /about
 HTTP  12/17/2025 1:15:09 PM ::1 Returned 304 in 4 ms
 HTTP  12/17/2025 1:15:09 PM ::1 GET /_next/static/chunks/433bf767012c1509.css
 HTTP  12/17/2025 1:15:09 PM ::1 GET /_next/static/media/68d403cf9f2c68c5-s.p.f9f15f61.woff2
 HTTP  12/17/2025 1:15:09 PM ::1 GET /_next/static/media/85ba544592656337-s.p.5eb025a9.woff2
 HTTP  12/17/2025 1:15:09 PM ::1 GET /_next/static/chunks/fb8cebcab6b189f4.js
 HTTP  12/17/2025 1:15:09 PM ::1 GET /_next/static/media/83afe278b6a6bb3c-s.p.3a6ba036.woff2
 HTTP  12/17/2025 1:15:09 PM ::1 GET /_next/static/media/fe36e9937cd078a1-s.p.3de7a689.woff2
 HTTP  12/17/2025 1:15:09 PM ::1 Returned 304 in 4 ms
 HTTP  12/17/2025 1:15:09 PM ::1 Returned 304 in 4 ms
 HTTP  12/17/2025 1:15:09 PM ::1 Returned 304 in 11 ms
 HTTP  12/17/2025 1:15:09 PM ::1 Returned 304 in 10 ms
 HTTP  12/17/2025 1:15:09 PM ::1 Returned 304 in 14 ms
 HTTP  12/17/2025 1:15:09 PM ::1 Returned 304 in 18 ms
 HTTP  12/17/2025 1:15:09 PM ::1 GET /_next/static/chunks/c4b6a775283c42e7.js
 HTTP  12/17/2025 1:15:09 PM ::1 GET /_next/static/chunks/8296bf97416a5ebf.js
 HTTP  12/17/2025 1:15:09 PM ::1 GET /_next/static/chunks/834800a6b130715c.js
 HTTP  12/17/2025 1:15:09 PM ::1 GET /_next/static/chunks/5997132b61dec430.js
 HTTP  12/17/2025 1:15:09 PM ::1 GET /_next/static/chunks/turbopack-0c605d9d4ac797b0.js
 HTTP  12/17/2025 1:15:09 PM ::1 GET /_next/static/chunks/ff1a16fafef87110.js
 HTTP  12/17/2025 1:15:09 PM ::1 Returned 304 in 7 ms
 HTTP  12/17/2025 1:15:09 PM ::1 Returned 304 in 7 ms
 HTTP  12/17/2025 1:15:09 PM ::1 Returned 304 in 6 ms
 HTTP  12/17/2025 1:15:09 PM ::1 Returned 304 in 6 ms
 HTTP  12/17/2025 1:15:09 PM ::1 GET /_next/static/chunks/247eb132b7f7b574.js
 HTTP  12/17/2025 1:15:09 PM ::1 Returned 304 in 22 ms
 HTTP  12/17/2025 1:15:09 PM ::1 Returned 304 in 41 ms
 HTTP  12/17/2025 1:15:09 PM ::1 GET /_next/static/chunks/422d1a0221429236.js
 HTTP  12/17/2025 1:15:09 PM ::1 Returned 304 in 41 ms
 HTTP  12/17/2025 1:15:09 PM ::1 Returned 304 in 11 ms
 HTTP  12/17/2025 1:15:23 PM ::1 GET /
 HTTP  12/17/2025 1:15:23 PM ::1 Returned 304 in 1 ms
 HTTP  12/17/2025 1:15:23 PM ::1 GET /_next/static/chunks/433bf767012c1509.css
 HTTP  12/17/2025 1:15:23 PM ::1 GET /_next/static/media/68d403cf9f2c68c5-s.p.f9f15f61.woff2
 HTTP  12/17/2025 1:15:23 PM ::1 GET /_next/static/media/85ba544592656337-s.p.5eb025a9.woff2
 HTTP  12/17/2025 1:15:23 PM ::1 Returned 304 in 5 ms
 HTTP  12/17/2025 1:15:23 PM ::1 Returned 304 in 5 ms
 HTTP  12/17/2025 1:15:23 PM ::1 GET /_next/static/media/fe36e9937cd078a1-s.p.3de7a689.woff2
 HTTP  12/17/2025 1:15:23 PM ::1 GET /_next/static/chunks/c4b6a775283c42e7.js
 HTTP  12/17/2025 1:15:23 PM ::1 GET /_next/static/chunks/8296bf97416a5ebf.js
 HTTP  12/17/2025 1:15:23 PM ::1 Returned 304 in 17 ms
 HTTP  12/17/2025 1:15:23 PM ::1 Returned 304 in 7 ms
 HTTP  12/17/2025 1:15:23 PM ::1 Returned 304 in 11 ms
 HTTP  12/17/2025 1:15:23 PM ::1 GET /_next/static/media/83afe278b6a6bb3c-s.p.3a6ba036.woff2
 HTTP  12/17/2025 1:15:23 PM ::1 GET /_next/static/chunks/turbopack-0c605d9d4ac797b0.js
 HTTP  12/17/2025 1:15:23 PM ::1 GET /_next/static/chunks/834800a6b130715c.js
 HTTP  12/17/2025 1:15:23 PM ::1 GET /_next/static/chunks/5997132b61dec430.js
 HTTP  12/17/2025 1:15:23 PM ::1 GET /_next/static/chunks/fb8cebcab6b189f4.js
 HTTP  12/17/2025 1:15:23 PM ::1 Returned 304 in 15 ms
 HTTP  12/17/2025 1:15:23 PM ::1 Returned 304 in 5 ms
 HTTP  12/17/2025 1:15:23 PM ::1 Returned 304 in 8 ms
 HTTP  12/17/2025 1:15:23 PM ::1 Returned 304 in 22 ms
 HTTP  12/17/2025 1:15:23 PM ::1 Returned 304 in 24 ms
 HTTP  12/17/2025 1:15:23 PM ::1 Returned 304 in 56 ms
 HTTP  12/17/2025 1:15:23 PM ::1 GET /_next/static/chunks/ff1a16fafef87110.js
 HTTP  12/17/2025 1:15:23 PM ::1 GET /_next/static/chunks/247eb132b7f7b574.js
 HTTP  12/17/2025 1:15:23 PM ::1 GET /_next/static/chunks/b3e7a754a3a9c576.js
 HTTP  12/17/2025 1:15:23 PM ::1 GET /_next/static/chunks/c47cca58a8cd531f.js
 HTTP  12/17/2025 1:15:23 PM ::1 Returned 304 in 16 ms
 HTTP  12/17/2025 1:15:23 PM ::1 Returned 304 in 19 ms
 HTTP  12/17/2025 1:15:23 PM ::1 Returned 304 in 12 ms
 HTTP  12/17/2025 1:15:23 PM ::1 Returned 304 in 13 ms
